Watching for file changes with StatReloader
[14/Nov/2024 14:09:01] code 400, message Bad request version ('À\x14À')
[14/Nov/2024 14:09:01] You're accessing the development server over HTTPS, but it only supports HTTP.
Watching for file changes with StatReloader
Watching for file changes with StatReloader
Watching for file changes with StatReloader
[14/Nov/2024 17:56:04] "POST /task_complete_alert HTTP/1.1" 200 11
[14/Nov/2024 17:56:07] "POST /task_complete_alert HTTP/1.1" 200 11
[14/Nov/2024 18:05:56] "POST /task_complete_alert HTTP/1.1" 200 11
[14/Nov/2024 18:07:07] "POST /task_complete_alert HTTP/1.1" 200 11
[14/Nov/2024 18:11:43] "POST /task_complete_alert HTTP/1.1" 200 11
[14/Nov/2024 18:25:26] "POST /task_complete_alert HTTP/1.1" 200 11
[14/Nov/2024 18:28:46] "POST /task_complete_alert HTTP/1.1" 200 11
Watching for file changes with StatReloader
[14/Nov/2024 18:50:26] "POST /task_complete_alert HTTP/1.1" 200 11
[15/Nov/2024 05:15:16] code 400, message Bad request syntax ('MGLNDD_62.68.146.176_8091')
[15/Nov/2024 05:15:16] "MGLNDD_62.68.146.176_8091" 400 -
Watching for file changes with StatReloader
[15/Nov/2024 09:10:40] "POST /task_complete_alert HTTP/1.1" 200 11
Watching for file changes with StatReloader
[15/Nov/2024 09:20:14] "POST /task_complete_alert HTTP/1.1" 200 11
Watching for file changes with StatReloader
[15/Nov/2024 09:32:03] "POST /task_complete_alert HTTP/1.1" 200 11
Watching for file changes with StatReloader
Watching for file changes with StatReloader
[15/Nov/2024 09:44:19] "POST /task_complete_alert HTTP/1.1" 200 11
Watching for file changes with StatReloader
[15/Nov/2024 09:45:30] "POST /task_complete_alert HTTP/1.1" 200 11
Watching for file changes with StatReloader
[15/Nov/2024 09:47:50] "POST /task_complete_alert HTTP/1.1" 200 11
Watching for file changes with StatReloader
[15/Nov/2024 09:55:49] "POST /task_complete_alert HTTP/1.1" 200 11
Watching for file changes with StatReloader
[15/Nov/2024 09:58:06] "POST /task_complete_alert HTTP/1.1" 200 11
Watching for file changes with StatReloader
[15/Nov/2024 10:26:58] "POST /task_complete_alert HTTP/1.1" 200 11
[15/Nov/2024 10:27:59] "GET /admin/ HTTP/1.1" 302 0
[15/Nov/2024 10:27:59] "GET /admin/login/?next=/admin/ HTTP/1.1" 200 4358
[15/Nov/2024 10:28:00] "GET /static/admin/css/login.css HTTP/1.1" 304 0
[15/Nov/2024 10:28:00] "GET /static/admin/css/nav_sidebar.css HTTP/1.1" 304 0
[15/Nov/2024 10:28:00] "GET /static/admin/js/theme.js HTTP/1.1" 304 0
[15/Nov/2024 10:28:00] "GET /static/admin/css/dark_mode.css HTTP/1.1" 304 0
[15/Nov/2024 10:28:00] "GET /static/admin/css/responsive.css HTTP/1.1" 304 0
[15/Nov/2024 10:28:00] "GET /static/admin/css/base.css HTTP/1.1" 304 0
[15/Nov/2024 10:28:00] "GET /static/admin/js/nav_sidebar.js HTTP/1.1" 304 0
Not Found: /favicon.ico
[15/Nov/2024 10:28:00] "GET /favicon.ico HTTP/1.1" 404 2576
[15/Nov/2024 10:28:04] "POST /admin/login/?next=/admin/ HTTP/1.1" 302 0
[15/Nov/2024 10:28:04] "GET /admin/ HTTP/1.1" 200 14690
[15/Nov/2024 10:28:04] "GET /static/admin/css/dashboard.css HTTP/1.1" 304 0
[15/Nov/2024 10:28:04] "GET /static/admin/img/icon-changelink.svg HTTP/1.1" 304 0
[15/Nov/2024 10:28:04] "GET /static/admin/img/icon-addlink.svg HTTP/1.1" 304 0
[15/Nov/2024 10:28:04] "GET /static/admin/img/icon-deletelink.svg HTTP/1.1" 304 0
[15/Nov/2024 10:28:07] "GET /admin/bot/botuser/ HTTP/1.1" 200 15027
[15/Nov/2024 10:28:07] "GET /admin/jsi18n/ HTTP/1.1" 200 17546
[15/Nov/2024 10:28:07] "GET /static/admin/js/core.js HTTP/1.1" 304 0
[15/Nov/2024 10:28:07] "GET /static/admin/js/jquery.init.js HTTP/1.1" 304 0
[15/Nov/2024 10:28:07] "GET /static/admin/css/changelists.css HTTP/1.1" 304 0
[15/Nov/2024 10:28:07] "GET /static/admin/js/admin/RelatedObjectLookups.js HTTP/1.1" 304 0
[15/Nov/2024 10:28:08] "GET /static/admin/js/actions.js HTTP/1.1" 304 0
[15/Nov/2024 10:28:08] "GET /static/admin/js/vendor/jquery/jquery.js HTTP/1.1" 200 285314
[15/Nov/2024 10:28:08] "GET /static/admin/js/urlify.js HTTP/1.1" 304 0
[15/Nov/2024 10:28:08] "GET /static/admin/js/prepopulate.js HTTP/1.1" 304 0
[15/Nov/2024 10:28:08] "GET /static/admin/js/vendor/xregexp/xregexp.js HTTP/1.1" 200 325171
[15/Nov/2024 10:28:08] "GET /static/admin/img/search.svg HTTP/1.1" 304 0
[15/Nov/2024 10:28:08] "GET /static/admin/js/filters.js HTTP/1.1" 304 0
[15/Nov/2024 10:28:08] "GET /static/admin/img/tooltag-add.svg HTTP/1.1" 304 0
[15/Nov/2024 10:28:08] "GET /static/admin/img/icon-viewlink.svg HTTP/1.1" 304 0
[15/Nov/2024 10:28:34] "POST /task_complete_alert HTTP/1.1" 200 11
[15/Nov/2024 10:29:17] "GET /admin/bot/botuser/1/change/ HTTP/1.1" 200 16364
[15/Nov/2024 10:29:17] "GET /admin/jsi18n/ HTTP/1.1" 200 17546
[15/Nov/2024 10:29:17] "GET /static/admin/js/prepopulate_init.js HTTP/1.1" 304 0
[15/Nov/2024 10:29:17] "GET /static/admin/css/forms.css HTTP/1.1" 304 0
[15/Nov/2024 10:29:17] "GET /static/admin/js/change_form.js HTTP/1.1" 304 0
[15/Nov/2024 10:29:17] "GET /static/admin/css/widgets.css HTTP/1.1" 304 0
[15/Nov/2024 10:29:19] "GET /admin/bot/botuser/ HTTP/1.1" 200 15027
[15/Nov/2024 10:31:43] "POST /task_complete_alert HTTP/1.1" 200 11
Watching for file changes with StatReloader
[15/Nov/2024 10:34:44] "POST /task_complete_alert HTTP/1.1" 200 11
[15/Nov/2024 10:36:08] "POST /task_complete_alert HTTP/1.1" 200 11
[15/Nov/2024 10:40:56] "POST /task_complete_alert HTTP/1.1" 200 11
[15/Nov/2024 10:43:27] "POST /task_complete_alert HTTP/1.1" 200 11
Watching for file changes with StatReloader
[15/Nov/2024 10:51:12] "POST /task_complete_alert HTTP/1.1" 200 11
[15/Nov/2024 10:51:16] "POST /task_complete_alert HTTP/1.1" 200 11
Watching for file changes with StatReloader
[15/Nov/2024 11:00:17] "POST /task_complete_alert HTTP/1.1" 200 11
[15/Nov/2024 11:01:58] "POST /task_complete_alert HTTP/1.1" 200 11
[15/Nov/2024 11:04:39] "POST /task_complete_alert HTTP/1.1" 200 11
Watching for file changes with StatReloader
Watching for file changes with StatReloader
[15/Nov/2024 11:13:59] "POST /task_complete_alert HTTP/1.1" 200 11
Watching for file changes with StatReloader
[15/Nov/2024 11:14:50] "POST /task_complete_alert HTTP/1.1" 200 11
Not Found: /admin/assistant/process/
[15/Nov/2024 11:21:45] "GET /admin/assistant/process/ HTTP/1.1" 404 6998
[15/Nov/2024 11:21:48] "GET /admin/ HTTP/1.1" 200 14690
[15/Nov/2024 11:21:51] "GET /admin/bot/bot_message/ HTTP/1.1" 200 16606
[15/Nov/2024 11:21:51] "GET /admin/jsi18n/ HTTP/1.1" 200 17546
[15/Nov/2024 11:21:54] "GET /admin/bot/bot_message/9/change/ HTTP/1.1" 200 22654
[15/Nov/2024 11:21:54] "GET /admin/jsi18n/ HTTP/1.1" 200 17546
[15/Nov/2024 11:21:54] "GET /static/admin/js/inlines.js HTTP/1.1" 304 0
[15/Nov/2024 11:21:54] "GET /static/admin/img/inline-delete.svg HTTP/1.1" 304 0
[15/Nov/2024 11:23:59] "GET /admin/bot/bot_message/ HTTP/1.1" 200 16606
[15/Nov/2024 11:23:59] "GET /admin/jsi18n/ HTTP/1.1" 200 17546
[15/Nov/2024 11:24:01] "GET /admin/bot/bot_message/9/change/ HTTP/1.1" 200 22654
[15/Nov/2024 11:24:01] "GET /admin/jsi18n/ HTTP/1.1" 200 17546
[15/Nov/2024 11:24:37] "POST /admin/bot/bot_message/9/change/ HTTP/1.1" 302 0
[15/Nov/2024 11:24:37] "GET /admin/bot/bot_message/9/change/ HTTP/1.1" 200 22968
[15/Nov/2024 11:24:37] "GET /admin/jsi18n/ HTTP/1.1" 200 17546
[15/Nov/2024 11:24:37] "GET /static/admin/img/icon-yes.svg HTTP/1.1" 304 0
[15/Nov/2024 11:24:45] "GET /admin/bot/bot_message/ HTTP/1.1" 200 16525
[15/Nov/2024 11:24:45] "GET /admin/jsi18n/ HTTP/1.1" 200 17546
[15/Nov/2024 11:24:51] "GET /admin/bot/bot_message/10/change/ HTTP/1.1" 200 20283
[15/Nov/2024 11:24:52] "GET /admin/jsi18n/ HTTP/1.1" 200 17546
[15/Nov/2024 11:25:08] "GET /admin/bot/bot_message/ HTTP/1.1" 200 16525
[15/Nov/2024 11:25:10] "GET /admin/bot/bot_message/10/change/ HTTP/1.1" 200 20283
[15/Nov/2024 11:25:10] "GET /admin/jsi18n/ HTTP/1.1" 200 17546
[15/Nov/2024 11:25:24] "GET /admin/bot/bot_message/ HTTP/1.1" 200 16525
[15/Nov/2024 11:25:24] "GET /admin/jsi18n/ HTTP/1.1" 200 17546
[15/Nov/2024 11:25:26] "GET /admin/bot/bot_message/9/change/ HTTP/1.1" 200 22567
[15/Nov/2024 11:25:26] "GET /admin/jsi18n/ HTTP/1.1" 200 17546
[15/Nov/2024 11:25:42] "POST /admin/bot/bot_message/9/change/ HTTP/1.1" 302 0
[15/Nov/2024 11:25:42] "GET /admin/bot/bot_message/ HTTP/1.1" 200 16868
[15/Nov/2024 11:25:42] "GET /admin/jsi18n/ HTTP/1.1" 200 17546
[15/Nov/2024 11:25:44] "GET /admin/bot/bot_message/9/change/ HTTP/1.1" 200 20338
[15/Nov/2024 11:25:44] "GET /admin/jsi18n/ HTTP/1.1" 200 17546
[15/Nov/2024 11:25:45] "POST /admin/bot/bot_message/9/change/ HTTP/1.1" 302 0
[15/Nov/2024 11:25:46] "GET /admin/bot/bot_message/ HTTP/1.1" 200 16868
[15/Nov/2024 11:25:46] "GET /admin/jsi18n/ HTTP/1.1" 200 17546
[15/Nov/2024 11:29:37] "GET /admin/bot/bot_message/13/change/ HTTP/1.1" 200 20406
[15/Nov/2024 11:29:37] "GET /admin/jsi18n/ HTTP/1.1" 200 17546
[15/Nov/2024 11:29:45] "POST /admin/bot/bot_message/13/change/ HTTP/1.1" 200 20522
[15/Nov/2024 11:29:45] "GET /admin/jsi18n/ HTTP/1.1" 200 17546
[15/Nov/2024 11:30:01] "POST /admin/bot/bot_message/13/change/ HTTP/1.1" 302 0
[15/Nov/2024 11:30:01] "GET /admin/bot/bot_message/ HTTP/1.1" 200 16714
[15/Nov/2024 11:30:01] "GET /admin/jsi18n/ HTTP/1.1" 200 17546
[15/Nov/2024 11:30:07] "GET /admin/bot/bot_message/12/change/ HTTP/1.1" 200 22417
[15/Nov/2024 11:30:07] "GET /admin/jsi18n/ HTTP/1.1" 200 17546
[15/Nov/2024 11:30:49] "POST /admin/bot/bot_message/12/change/ HTTP/1.1" 302 0
[15/Nov/2024 11:30:49] "GET /admin/bot/bot_message/ HTTP/1.1" 200 16591
[15/Nov/2024 11:30:49] "GET /admin/jsi18n/ HTTP/1.1" 200 17546
[15/Nov/2024 11:30:53] "GET /admin/bot/bot_message/12/change/ HTTP/1.1" 200 22183
[15/Nov/2024 11:30:53] "GET /admin/jsi18n/ HTTP/1.1" 200 17546
[15/Nov/2024 11:31:35] "POST /admin/bot/bot_message/12/change/ HTTP/1.1" 302 0
[15/Nov/2024 11:31:35] "POST /admin/bot/bot_message/12/change/ HTTP/1.1" 302 0
[15/Nov/2024 11:31:35] "GET /admin/bot/bot_message/12/change/ HTTP/1.1" 200 20362
[15/Nov/2024 11:31:35] "GET /admin/jsi18n/ HTTP/1.1" 200 17546
[15/Nov/2024 11:31:53] "GET /admin/bot/bot_message/ HTTP/1.1" 200 16330
[15/Nov/2024 11:31:53] "GET /admin/jsi18n/ HTTP/1.1" 200 17546
[15/Nov/2024 11:32:06] "GET /admin/bot/bot_message/12/change/ HTTP/1.1" 200 20021
[15/Nov/2024 11:32:06] "GET /admin/jsi18n/ HTTP/1.1" 200 17546
[15/Nov/2024 11:32:16] "POST /admin/bot/bot_message/12/change/ HTTP/1.1" 302 0
[15/Nov/2024 11:32:16] "GET /admin/bot/bot_message/ HTTP/1.1" 200 16643
[15/Nov/2024 11:32:16] "GET /admin/jsi18n/ HTTP/1.1" 200 17546
[15/Nov/2024 11:32:41] "POST /task_complete_alert HTTP/1.1" 200 11
[15/Nov/2024 11:33:20] "POST /task_complete_alert HTTP/1.1" 200 11
Watching for file changes with StatReloader
[15/Nov/2024 11:35:55] "POST /task_complete_alert HTTP/1.1" 200 11
Watching for file changes with StatReloader
[15/Nov/2024 11:39:49] "POST /task_complete_alert HTTP/1.1" 200 11
[15/Nov/2024 11:41:38] "POST /task_complete_alert HTTP/1.1" 200 11
[15/Nov/2024 11:43:01] "GET /admin/worker/events/ HTTP/1.1" 200 64537
[15/Nov/2024 11:43:02] "GET /admin/jsi18n/ HTTP/1.1" 200 17546
[15/Nov/2024 11:43:03] "GET /admin/worker/events/1478/change/ HTTP/1.1" 200 17003
[15/Nov/2024 11:43:03] "GET /admin/jsi18n/ HTTP/1.1" 200 17546
Watching for file changes with StatReloader
[15/Nov/2024 11:45:34] "POST /task_complete_alert HTTP/1.1" 200 11
Watching for file changes with StatReloader
[15/Nov/2024 11:49:32] "POST /task_complete_alert HTTP/1.1" 200 11
Watching for file changes with StatReloader
[15/Nov/2024 11:53:35] "POST /task_complete_alert HTTP/1.1" 200 11
[15/Nov/2024 11:54:53] "POST /task_complete_alert HTTP/1.1" 200 11
[15/Nov/2024 11:58:00] "POST /task_complete_alert HTTP/1.1" 200 11
[15/Nov/2024 12:05:01] "GET /admin/worker/events/ HTTP/1.1" 200 64608
[15/Nov/2024 12:05:01] "GET /admin/jsi18n/ HTTP/1.1" 200 17546
[15/Nov/2024 12:05:04] "GET /admin/worker/events/1492/change/ HTTP/1.1" 200 16178
[15/Nov/2024 12:05:04] "GET /admin/jsi18n/ HTTP/1.1" 200 17546
[15/Nov/2024 12:05:14] "GET /admin/worker/events/ HTTP/1.1" 200 64608
[15/Nov/2024 12:05:16] "GET /admin/worker/events/1491/change/ HTTP/1.1" 200 16668
[15/Nov/2024 12:05:16] "GET /admin/jsi18n/ HTTP/1.1" 200 17546
[15/Nov/2024 12:05:22] "GET /admin/worker/events/ HTTP/1.1" 200 64608
[15/Nov/2024 12:05:23] "GET /admin/worker/events/1492/change/ HTTP/1.1" 200 16178
[15/Nov/2024 12:05:24] "GET /admin/jsi18n/ HTTP/1.1" 200 17546
[15/Nov/2024 12:06:56] "POST /task_complete_alert HTTP/1.1" 200 11
Watching for file changes with StatReloader
[15/Nov/2024 12:08:33] "POST /task_complete_alert HTTP/1.1" 200 11
Watching for file changes with StatReloader
[15/Nov/2024 12:10:28] "POST /task_complete_alert HTTP/1.1" 200 11
Watching for file changes with StatReloader
[15/Nov/2024 12:13:19] "POST /task_complete_alert HTTP/1.1" 200 11
Watching for file changes with StatReloader
[15/Nov/2024 12:23:47] "POST /task_complete_alert HTTP/1.1" 200 11
[15/Nov/2024 12:26:13] "POST /task_complete_alert HTTP/1.1" 200 11
Watching for file changes with StatReloader
[15/Nov/2024 12:28:29] "POST /task_complete_alert HTTP/1.1" 200 11
[15/Nov/2024 12:29:57] "POST /task_complete_alert HTTP/1.1" 200 11
[15/Nov/2024 12:31:57] "POST /task_complete_alert HTTP/1.1" 200 11
[15/Nov/2024 12:33:23] "POST /task_complete_alert HTTP/1.1" 200 11
[15/Nov/2024 12:34:14] "POST /task_complete_alert HTTP/1.1" 200 11
[15/Nov/2024 12:35:27] "POST /task_complete_alert HTTP/1.1" 200 11
Watching for file changes with StatReloader
[15/Nov/2024 12:36:18] "POST /task_complete_alert HTTP/1.1" 200 11
[15/Nov/2024 12:37:08] "POST /task_complete_alert HTTP/1.1" 200 11
Watching for file changes with StatReloader
[15/Nov/2024 12:38:21] "POST /task_complete_alert HTTP/1.1" 200 11
[15/Nov/2024 12:39:30] "POST /task_complete_alert HTTP/1.1" 200 11
/home/ubuntu/machine_learning/bot_bulder/bot_builder/bot_builder/settings.py changed, reloading.
Traceback (most recent call last):
  File "/home/ubuntu/machine_learning/bot_bulder/bot_builder/manage.py", line 22, in <module>
    main()
  File "/home/ubuntu/machine_learning/bot_bulder/bot_builder/manage.py", line 18, in main
    execute_from_command_line(sys.argv)
  File "/home/ubuntu/machine_learning/bot_bulder/venv_bot/lib/python3.10/site-packages/django/core/management/__init__.py", line 442, in execute_from_command_line
    utility.execute()
  File "/home/ubuntu/machine_learning/bot_bulder/venv_bot/lib/python3.10/site-packages/django/core/management/__init__.py", line 382, in execute
    settings.INSTALLED_APPS
  File "/home/ubuntu/machine_learning/bot_bulder/venv_bot/lib/python3.10/site-packages/django/conf/__init__.py", line 81, in __getattr__
    self._setup(name)
  File "/home/ubuntu/machine_learning/bot_bulder/venv_bot/lib/python3.10/site-packages/django/conf/__init__.py", line 68, in _setup
    self._wrapped = Settings(settings_module)
  File "/home/ubuntu/machine_learning/bot_bulder/venv_bot/lib/python3.10/site-packages/django/conf/__init__.py", line 201, in __init__
    raise ValueError("Incorrect timezone setting: %s" % self.TIME_ZONE)
ValueError: Incorrect timezone setting: Europe/Moskow
Traceback (most recent call last):
  File "/home/ubuntu/machine_learning/bot_bulder/bot_builder/manage.py", line 22, in <module>
    main()
  File "/home/ubuntu/machine_learning/bot_bulder/bot_builder/manage.py", line 18, in main
    execute_from_command_line(sys.argv)
  File "/home/ubuntu/machine_learning/bot_bulder/venv_bot/lib/python3.10/site-packages/django/core/management/__init__.py", line 442, in execute_from_command_line
    utility.execute()
  File "/home/ubuntu/machine_learning/bot_bulder/venv_bot/lib/python3.10/site-packages/django/core/management/__init__.py", line 382, in execute
    settings.INSTALLED_APPS
  File "/home/ubuntu/machine_learning/bot_bulder/venv_bot/lib/python3.10/site-packages/django/conf/__init__.py", line 81, in __getattr__
    self._setup(name)
  File "/home/ubuntu/machine_learning/bot_bulder/venv_bot/lib/python3.10/site-packages/django/conf/__init__.py", line 68, in _setup
    self._wrapped = Settings(settings_module)
  File "/home/ubuntu/machine_learning/bot_bulder/venv_bot/lib/python3.10/site-packages/django/conf/__init__.py", line 201, in __init__
    raise ValueError("Incorrect timezone setting: %s" % self.TIME_ZONE)
ValueError: Incorrect timezone setting: Europe/Moskow
Traceback (most recent call last):
  File "/home/ubuntu/machine_learning/bot_bulder/bot_builder/manage.py", line 22, in <module>
    main()
  File "/home/ubuntu/machine_learning/bot_bulder/bot_builder/manage.py", line 18, in main
    execute_from_command_line(sys.argv)
  File "/home/ubuntu/machine_learning/bot_bulder/venv_bot/lib/python3.10/site-packages/django/core/management/__init__.py", line 442, in execute_from_command_line
    utility.execute()
  File "/home/ubuntu/machine_learning/bot_bulder/venv_bot/lib/python3.10/site-packages/django/core/management/__init__.py", line 382, in execute
    settings.INSTALLED_APPS
  File "/home/ubuntu/machine_learning/bot_bulder/venv_bot/lib/python3.10/site-packages/django/conf/__init__.py", line 81, in __getattr__
    self._setup(name)
  File "/home/ubuntu/machine_learning/bot_bulder/venv_bot/lib/python3.10/site-packages/django/conf/__init__.py", line 68, in _setup
    self._wrapped = Settings(settings_module)
  File "/home/ubuntu/machine_learning/bot_bulder/venv_bot/lib/python3.10/site-packages/django/conf/__init__.py", line 201, in __init__
    raise ValueError("Incorrect timezone setting: %s" % self.TIME_ZONE)
ValueError: Incorrect timezone setting: Europe/Moskow
Traceback (most recent call last):
  File "/home/ubuntu/machine_learning/bot_bulder/bot_builder/manage.py", line 22, in <module>
    main()
  File "/home/ubuntu/machine_learning/bot_bulder/bot_builder/manage.py", line 18, in main
    execute_from_command_line(sys.argv)
  File "/home/ubuntu/machine_learning/bot_bulder/venv_bot/lib/python3.10/site-packages/django/core/management/__init__.py", line 442, in execute_from_command_line
    utility.execute()
  File "/home/ubuntu/machine_learning/bot_bulder/venv_bot/lib/python3.10/site-packages/django/core/management/__init__.py", line 382, in execute
    settings.INSTALLED_APPS
  File "/home/ubuntu/machine_learning/bot_bulder/venv_bot/lib/python3.10/site-packages/django/conf/__init__.py", line 81, in __getattr__
    self._setup(name)
  File "/home/ubuntu/machine_learning/bot_bulder/venv_bot/lib/python3.10/site-packages/django/conf/__init__.py", line 68, in _setup
    self._wrapped = Settings(settings_module)
  File "/home/ubuntu/machine_learning/bot_bulder/venv_bot/lib/python3.10/site-packages/django/conf/__init__.py", line 201, in __init__
    raise ValueError("Incorrect timezone setting: %s" % self.TIME_ZONE)
ValueError: Incorrect timezone setting: Europe/Moskow
Traceback (most recent call last):
  File "/home/ubuntu/machine_learning/bot_bulder/bot_builder/manage.py", line 22, in <module>
    main()
  File "/home/ubuntu/machine_learning/bot_bulder/bot_builder/manage.py", line 18, in main
    execute_from_command_line(sys.argv)
  File "/home/ubuntu/machine_learning/bot_bulder/venv_bot/lib/python3.10/site-packages/django/core/management/__init__.py", line 442, in execute_from_command_line
    utility.execute()
  File "/home/ubuntu/machine_learning/bot_bulder/venv_bot/lib/python3.10/site-packages/django/core/management/__init__.py", line 382, in execute
    settings.INSTALLED_APPS
  File "/home/ubuntu/machine_learning/bot_bulder/venv_bot/lib/python3.10/site-packages/django/conf/__init__.py", line 81, in __getattr__
    self._setup(name)
  File "/home/ubuntu/machine_learning/bot_bulder/venv_bot/lib/python3.10/site-packages/django/conf/__init__.py", line 68, in _setup
    self._wrapped = Settings(settings_module)
  File "/home/ubuntu/machine_learning/bot_bulder/venv_bot/lib/python3.10/site-packages/django/conf/__init__.py", line 201, in __init__
    raise ValueError("Incorrect timezone setting: %s" % self.TIME_ZONE)
ValueError: Incorrect timezone setting: Europe/Moskow
Watching for file changes with StatReloader
[15/Nov/2024 16:37:42] code 400, message Bad HTTP/0.9 request type ('\x16\x03\x01\x00{\x01\x00\x00w\x03\x03nE2\x01"^´º%\x81ûX\xad×Z§ßaÕ§Æ\x84ðv¡\x07lh/ÖW>\x00\x00\x1aÀ/À+À\x11À\x07À\x13À')
[15/Nov/2024 16:37:42] You're accessing the development server over HTTPS, but it only supports HTTP.
[15/Nov/2024 16:41:41] "POST /task_complete_alert HTTP/1.1" 200 11
[15/Nov/2024 16:42:45] "POST /task_complete_alert HTTP/1.1" 200 11
[15/Nov/2024 16:44:15] "POST /task_complete_alert HTTP/1.1" 200 11
[15/Nov/2024 16:45:30] "POST /task_complete_alert HTTP/1.1" 200 11
[15/Nov/2024 17:23:03] "POST /task_complete_alert HTTP/1.1" 200 11
[15/Nov/2024 17:24:42] "POST /task_complete_alert HTTP/1.1" 200 11
Watching for file changes with StatReloader
[15/Nov/2024 17:29:21] "POST /task_complete_alert HTTP/1.1" 200 11
Watching for file changes with StatReloader
[15/Nov/2024 17:30:41] "POST /task_complete_alert HTTP/1.1" 200 11
[15/Nov/2024 18:16:06] "POST /task_complete_alert HTTP/1.1" 200 11
[16/Nov/2024 00:18:48] "POST /task_complete_alert HTTP/1.1" 200 11
[16/Nov/2024 00:20:40] "POST /task_complete_alert HTTP/1.1" 200 11
[16/Nov/2024 00:28:41] "POST /task_complete_alert HTTP/1.1" 200 11
[16/Nov/2024 00:29:28] code 400, message Bad request syntax ('MGLNDD_62.68.146.176_8091')
[16/Nov/2024 00:29:28] "MGLNDD_62.68.146.176_8091" 400 -
[16/Nov/2024 00:31:45] "POST /task_complete_alert HTTP/1.1" 200 11
[16/Nov/2024 00:53:33] "POST /task_complete_alert HTTP/1.1" 200 11
[16/Nov/2024 01:24:22] "POST /task_complete_alert HTTP/1.1" 200 11
[16/Nov/2024 03:37:39] "GET /admin/assistant/process/140/change/ HTTP/1.1" 302 0
[16/Nov/2024 03:37:39] "GET /admin/login/?next=/admin/assistant/process/140/change/ HTTP/1.1" 200 4420
[16/Nov/2024 03:37:39] "GET /static/admin/css/login.css HTTP/1.1" 304 0
[16/Nov/2024 03:37:39] "GET /static/admin/css/nav_sidebar.css HTTP/1.1" 304 0
[16/Nov/2024 03:37:39] "GET /static/admin/css/base.css HTTP/1.1" 304 0
[16/Nov/2024 03:37:39] "GET /static/admin/css/dark_mode.css HTTP/1.1" 304 0
[16/Nov/2024 03:37:39] "GET /static/admin/js/nav_sidebar.js HTTP/1.1" 304 0
[16/Nov/2024 03:37:39] "GET /static/admin/js/theme.js HTTP/1.1" 304 0
[16/Nov/2024 03:37:39] "GET /static/admin/css/responsive.css HTTP/1.1" 304 0
Not Found: /favicon.ico
[16/Nov/2024 03:37:40] "GET /favicon.ico HTTP/1.1" 404 2576
[16/Nov/2024 03:37:43] "GET /admin/ HTTP/1.1" 302 0
[16/Nov/2024 03:37:44] "GET /admin/login/?next=/admin/ HTTP/1.1" 200 4362
[16/Nov/2024 03:37:55] "POST /admin/login/?next=/admin/ HTTP/1.1" 302 0
[16/Nov/2024 03:37:55] "GET /admin/ HTTP/1.1" 200 15014
[16/Nov/2024 03:37:55] "GET /static/admin/css/dashboard.css HTTP/1.1" 304 0
[16/Nov/2024 03:37:55] "GET /static/admin/img/icon-changelink.svg HTTP/1.1" 304 0
[16/Nov/2024 03:37:55] "GET /static/admin/img/icon-addlink.svg HTTP/1.1" 304 0
[16/Nov/2024 03:37:55] "GET /static/admin/img/icon-deletelink.svg HTTP/1.1" 304 0
[16/Nov/2024 03:37:57] "GET /admin/bot/botuser/ HTTP/1.1" 200 16878
[16/Nov/2024 03:37:58] "GET /static/admin/css/changelists.css HTTP/1.1" 304 0
[16/Nov/2024 03:37:58] "GET /admin/jsi18n/ HTTP/1.1" 200 17546
[16/Nov/2024 03:37:58] "GET /static/admin/js/core.js HTTP/1.1" 304 0
[16/Nov/2024 03:37:58] "GET /static/admin/js/admin/RelatedObjectLookups.js HTTP/1.1" 304 0
[16/Nov/2024 03:37:58] "GET /static/admin/js/jquery.init.js HTTP/1.1" 304 0
[16/Nov/2024 03:37:58] "GET /static/admin/js/actions.js HTTP/1.1" 304 0
[16/Nov/2024 03:37:58] "GET /static/admin/js/urlify.js HTTP/1.1" 304 0
[16/Nov/2024 03:37:58] "GET /static/admin/js/filters.js HTTP/1.1" 304 0
[16/Nov/2024 03:37:58] "GET /static/admin/js/vendor/jquery/jquery.js HTTP/1.1" 304 0
[16/Nov/2024 03:37:58] "GET /static/admin/js/prepopulate.js HTTP/1.1" 304 0
[16/Nov/2024 03:37:58] "GET /static/admin/js/vendor/xregexp/xregexp.js HTTP/1.1" 304 0
[16/Nov/2024 03:37:58] "GET /static/admin/img/search.svg HTTP/1.1" 304 0
[16/Nov/2024 03:37:58] "GET /static/admin/img/tooltag-add.svg HTTP/1.1" 304 0
[16/Nov/2024 03:37:58] "GET /static/admin/img/icon-viewlink.svg HTTP/1.1" 304 0
[16/Nov/2024 04:12:44] "POST /task_complete_alert HTTP/1.1" 200 11
[16/Nov/2024 04:14:51] "POST /task_complete_alert HTTP/1.1" 200 11
[16/Nov/2024 04:16:14] "POST /task_complete_alert HTTP/1.1" 200 11
[16/Nov/2024 04:26:29] "POST /task_complete_alert HTTP/1.1" 200 11
[16/Nov/2024 04:28:58] "POST /task_complete_alert HTTP/1.1" 200 11
[16/Nov/2024 04:30:11] "POST /task_complete_alert HTTP/1.1" 200 11
[16/Nov/2024 04:31:54] "POST /task_complete_alert HTTP/1.1" 200 11
[16/Nov/2024 04:34:30] "POST /task_complete_alert HTTP/1.1" 200 11
[16/Nov/2024 04:38:59] "POST /task_complete_alert HTTP/1.1" 200 11
[16/Nov/2024 04:42:28] "POST /task_complete_alert HTTP/1.1" 200 11
[16/Nov/2024 04:44:06] "POST /task_complete_alert HTTP/1.1" 200 11
[16/Nov/2024 04:46:18] "POST /task_complete_alert HTTP/1.1" 200 11
[16/Nov/2024 04:48:52] "POST /task_complete_alert HTTP/1.1" 200 11
[16/Nov/2024 04:51:57] "POST /task_complete_alert HTTP/1.1" 200 11
[16/Nov/2024 04:52:59] "POST /task_complete_alert HTTP/1.1" 200 11
[16/Nov/2024 04:54:22] "POST /task_complete_alert HTTP/1.1" 200 11
[16/Nov/2024 04:56:17] "POST /task_complete_alert HTTP/1.1" 200 11
[16/Nov/2024 04:57:15] "POST /task_complete_alert HTTP/1.1" 200 11
[16/Nov/2024 04:58:33] "POST /task_complete_alert HTTP/1.1" 200 11
[16/Nov/2024 05:00:09] "POST /task_complete_alert HTTP/1.1" 200 11
[16/Nov/2024 05:01:59] "POST /task_complete_alert HTTP/1.1" 200 11
[16/Nov/2024 05:03:26] "POST /task_complete_alert HTTP/1.1" 200 11
[16/Nov/2024 05:04:54] "POST /task_complete_alert HTTP/1.1" 200 11
[16/Nov/2024 05:06:07] "POST /task_complete_alert HTTP/1.1" 200 11
[16/Nov/2024 05:07:49] "POST /task_complete_alert HTTP/1.1" 200 11
[16/Nov/2024 05:10:24] "POST /task_complete_alert HTTP/1.1" 200 11
[16/Nov/2024 05:13:17] "POST /task_complete_alert HTTP/1.1" 200 11
Watching for file changes with StatReloader
[16/Nov/2024 05:22:20] "POST /task_complete_alert HTTP/1.1" 200 11
[16/Nov/2024 05:23:33] "POST /task_complete_alert HTTP/1.1" 200 11
[16/Nov/2024 05:24:24] "POST /task_complete_alert HTTP/1.1" 200 11
[16/Nov/2024 05:25:28] "GET /admin HTTP/1.1" 301 0
[16/Nov/2024 05:25:28] "GET /admin/ HTTP/1.1" 302 0
[16/Nov/2024 05:25:28] "GET /admin/login/?next=/admin/ HTTP/1.1" 200 4362
[16/Nov/2024 05:25:28] "GET /static/admin/css/login.css HTTP/1.1" 200 951
[16/Nov/2024 05:25:28] "GET /static/admin/js/theme.js HTTP/1.1" 200 1653
[16/Nov/2024 05:25:28] "GET /static/admin/css/dark_mode.css HTTP/1.1" 200 2804
[16/Nov/2024 05:25:28] "GET /static/admin/js/nav_sidebar.js HTTP/1.1" 200 3063
[16/Nov/2024 05:25:28] "GET /static/admin/css/base.css HTTP/1.1" 200 22092
[16/Nov/2024 05:25:28] "GET /static/admin/css/nav_sidebar.css HTTP/1.1" 200 2810
[16/Nov/2024 05:25:29] "GET /static/admin/css/responsive.css HTTP/1.1" 200 17972
Not Found: /favicon.ico
[16/Nov/2024 05:25:29] "GET /favicon.ico HTTP/1.1" 404 2576
[16/Nov/2024 05:25:34] "POST /admin/login/?next=/admin/ HTTP/1.1" 200 4628
Not Found: /apple-touch-icon-precomposed.png
[16/Nov/2024 05:25:34] "GET /apple-touch-icon-precomposed.png HTTP/1.1" 404 2639
Not Found: /apple-touch-icon.png
[16/Nov/2024 05:25:34] "GET /apple-touch-icon.png HTTP/1.1" 404 2603
[16/Nov/2024 05:25:41] "POST /admin/login/?next=/admin/ HTTP/1.1" 302 0
[16/Nov/2024 05:25:41] "GET /admin/ HTTP/1.1" 200 15014
[16/Nov/2024 05:25:41] "GET /static/admin/css/dashboard.css HTTP/1.1" 200 441
[16/Nov/2024 05:25:41] "GET /static/admin/img/icon-addlink.svg HTTP/1.1" 200 331
[16/Nov/2024 05:25:41] "GET /static/admin/img/icon-changelink.svg HTTP/1.1" 200 380
[16/Nov/2024 05:25:41] "GET /static/admin/img/icon-deletelink.svg HTTP/1.1" 200 392
[16/Nov/2024 05:25:43] "GET /admin/bot/bot_message/ HTTP/1.1" 200 16373
[16/Nov/2024 05:25:43] "GET /static/admin/js/jquery.init.js HTTP/1.1" 200 347
[16/Nov/2024 05:25:43] "GET /static/admin/css/changelists.css HTTP/1.1" 200 6878
[16/Nov/2024 05:25:43] "GET /static/admin/js/core.js HTTP/1.1" 200 6208
[16/Nov/2024 05:25:43] "GET /admin/jsi18n/ HTTP/1.1" 200 17546
[16/Nov/2024 05:25:43] "GET /static/admin/js/admin/RelatedObjectLookups.js HTTP/1.1" 200 9097
[16/Nov/2024 05:25:43] "GET /static/admin/js/vendor/jquery/jquery.js HTTP/1.1" 200 285314
[16/Nov/2024 05:25:43] "GET /static/admin/js/prepopulate.js HTTP/1.1" 200 1531
[16/Nov/2024 05:25:43] "GET /static/admin/js/actions.js HTTP/1.1" 200 8076
[16/Nov/2024 05:25:43] "GET /static/admin/js/urlify.js HTTP/1.1" 200 7887
[16/Nov/2024 05:25:43] "GET /static/admin/js/filters.js HTTP/1.1" 200 978
[16/Nov/2024 05:25:43] "GET /static/admin/js/vendor/xregexp/xregexp.js HTTP/1.1" 200 325171
[16/Nov/2024 05:25:43] "GET /static/admin/img/search.svg HTTP/1.1" 200 458
[16/Nov/2024 05:25:43] "GET /static/admin/img/tooltag-add.svg HTTP/1.1" 200 331
[16/Nov/2024 05:25:43] "GET /static/admin/img/icon-viewlink.svg HTTP/1.1" 200 581
[16/Nov/2024 05:25:45] "GET /admin/bot/bot_message/12/change/ HTTP/1.1" 200 20094
[16/Nov/2024 05:25:46] "GET /static/admin/css/forms.css HTTP/1.1" 200 8710
[16/Nov/2024 05:25:46] "GET /static/admin/js/inlines.js HTTP/1.1" 200 15526
[16/Nov/2024 05:25:46] "GET /admin/jsi18n/ HTTP/1.1" 200 17546
[16/Nov/2024 05:25:46] "GET /static/admin/js/change_form.js HTTP/1.1" 200 606
[16/Nov/2024 05:25:46] "GET /static/admin/js/prepopulate_init.js HTTP/1.1" 200 586
[16/Nov/2024 05:25:46] "GET /static/admin/css/widgets.css HTTP/1.1" 200 11564
[16/Nov/2024 05:25:46] "GET /static/admin/img/inline-delete.svg HTTP/1.1" 200 560
[16/Nov/2024 05:25:50] "POST /task_complete_alert HTTP/1.1" 200 11
[16/Nov/2024 05:25:50] "POST /admin/bot/bot_message/12/change/ HTTP/1.1" 302 0
[16/Nov/2024 05:25:50] "GET /admin/bot/bot_message/ HTTP/1.1" 200 16617
[16/Nov/2024 05:25:51] "GET /admin/jsi18n/ HTTP/1.1" 200 17546
[16/Nov/2024 05:25:51] "GET /static/admin/img/icon-yes.svg HTTP/1.1" 200 436
[16/Nov/2024 05:26:41] "GET /admin/bot/bot_message/13/change/ HTTP/1.1" 200 20166
[16/Nov/2024 05:26:41] "GET /admin/jsi18n/ HTTP/1.1" 200 17546
[16/Nov/2024 05:27:48] "POST /admin/bot/bot_message/13/change/ HTTP/1.1" 302 0
[16/Nov/2024 05:27:48] "GET /admin/bot/bot_message/ HTTP/1.1" 200 16759
[16/Nov/2024 05:27:49] "GET /admin/jsi18n/ HTTP/1.1" 200 17546
[16/Nov/2024 05:29:03] "POST /task_complete_alert HTTP/1.1" 200 11
Watching for file changes with StatReloader
Internal Server Error: /task_complete_alert
Traceback (most recent call last):
  File "/home/ubuntu/machine_learning/bot_bulder/venv_bot/lib/python3.10/site-packages/django/core/handlers/exception.py", line 55, in inner
    response = get_response(request)
  File "/home/ubuntu/machine_learning/bot_bulder/venv_bot/lib/python3.10/site-packages/django/core/handlers/base.py", line 197, in _get_response
    response = wrapped_callback(request, *callback_args, **callback_kwargs)
  File "/home/ubuntu/machine_learning/bot_bulder/venv_bot/lib/python3.10/site-packages/django/views/decorators/csrf.py", line 65, in _view_wrapper
    return view_func(request, *args, **kwargs)
  File "/home/ubuntu/machine_learning/bot_bulder/bot_builder/apps/worker/views.py", line 19, in task_complete_alert
    original_event = Events.objects.get(task_id=task_id)
  File "/home/ubuntu/machine_learning/bot_bulder/venv_bot/lib/python3.10/site-packages/django/db/models/manager.py", line 87, in manager_method
    return getattr(self.get_queryset(), name)(*args, **kwargs)
  File "/home/ubuntu/machine_learning/bot_bulder/venv_bot/lib/python3.10/site-packages/django/db/models/query.py", line 649, in get
    raise self.model.DoesNotExist(
apps.worker.models.Events.DoesNotExist: Events matching query does not exist.
[16/Nov/2024 05:38:32] "POST /task_complete_alert HTTP/1.1" 500 70324
[16/Nov/2024 05:39:15] "GET /admin/bot/bot_message/ HTTP/1.1" 200 16429
[16/Nov/2024 05:39:15] "GET /admin/jsi18n/ HTTP/1.1" 200 17546
[16/Nov/2024 05:39:18] "GET /admin/worker/events/ HTTP/1.1" 200 65221
[16/Nov/2024 05:39:18] "GET /admin/jsi18n/ HTTP/1.1" 200 17546
[16/Nov/2024 05:39:19] "GET /admin/worker/events/1624/change/ HTTP/1.1" 200 16701
[16/Nov/2024 05:39:19] "GET /admin/jsi18n/ HTTP/1.1" 200 17546
[16/Nov/2024 05:39:33] "GET /admin/worker/events/ HTTP/1.1" 200 65221
[16/Nov/2024 05:39:33] "GET /admin/jsi18n/ HTTP/1.1" 200 17546
[16/Nov/2024 05:39:35] "GET /admin/worker/events/1623/change/ HTTP/1.1" 200 17125
[16/Nov/2024 05:39:36] "GET /admin/jsi18n/ HTTP/1.1" 200 17546
[16/Nov/2024 05:39:40] "GET /admin/worker/events/ HTTP/1.1" 200 65221
[16/Nov/2024 05:39:40] "GET /admin/jsi18n/ HTTP/1.1" 200 17546
[16/Nov/2024 05:39:41] "GET /admin/worker/events/1624/change/ HTTP/1.1" 200 16701
[16/Nov/2024 05:39:41] "GET /admin/jsi18n/ HTTP/1.1" 200 17546
[16/Nov/2024 05:39:44] "GET /admin/worker/events/ HTTP/1.1" 200 65221
[16/Nov/2024 05:39:44] "GET /admin/jsi18n/ HTTP/1.1" 200 17546
[16/Nov/2024 05:40:04] "GET /admin/worker/events/ HTTP/1.1" 200 65229
[16/Nov/2024 05:40:04] "GET /admin/jsi18n/ HTTP/1.1" 200 17546
[16/Nov/2024 05:40:05] "GET /admin/worker/events/1625/change/ HTTP/1.1" 200 16701
[16/Nov/2024 05:40:05] "GET /admin/jsi18n/ HTTP/1.1" 200 17546
Watching for file changes with StatReloader
[16/Nov/2024 05:41:59] "POST /task_complete_alert HTTP/1.1" 200 11
Watching for file changes with StatReloader
[16/Nov/2024 05:43:37] "POST /task_complete_alert HTTP/1.1" 200 11
Watching for file changes with StatReloader
[16/Nov/2024 05:45:36] "POST /task_complete_alert HTTP/1.1" 200 11
[16/Nov/2024 05:46:25] "POST /task_complete_alert HTTP/1.1" 200 11
Watching for file changes with StatReloader
[16/Nov/2024 05:51:15] "GET /admin/bot/bot_message/ HTTP/1.1" 200 16429
[16/Nov/2024 05:51:15] "GET /admin/jsi18n/ HTTP/1.1" 200 17546
[16/Nov/2024 05:51:16] "GET /admin/bot/botuser/ HTTP/1.1" 200 17514
[16/Nov/2024 05:51:16] "GET /admin/jsi18n/ HTTP/1.1" 200 17546
[16/Nov/2024 05:51:36] "GET /admin/bot/botuser/ HTTP/1.1" 200 17514
[16/Nov/2024 05:51:36] "GET /admin/jsi18n/ HTTP/1.1" 200 17546
[16/Nov/2024 05:51:37] "GET /admin/bot/botuser/ HTTP/1.1" 200 17514
[16/Nov/2024 05:51:37] "GET /admin/jsi18n/ HTTP/1.1" 200 17546
[16/Nov/2024 05:51:39] "GET /admin/bot/botuser/ HTTP/1.1" 200 17514
[16/Nov/2024 05:51:39] "GET /admin/jsi18n/ HTTP/1.1" 200 17546
[16/Nov/2024 05:51:44] "GET /admin/bot/botuser/ HTTP/1.1" 200 17514
[16/Nov/2024 05:51:44] "GET /admin/jsi18n/ HTTP/1.1" 200 17546
[16/Nov/2024 05:51:45] "GET /admin/bot/botuser/ HTTP/1.1" 200 17514
[16/Nov/2024 05:51:45] "GET /admin/jsi18n/ HTTP/1.1" 200 17546
[16/Nov/2024 05:51:47] "POST /task_complete_alert HTTP/1.1" 200 11
[16/Nov/2024 05:51:52] "GET /admin/bot/botuser/ HTTP/1.1" 200 17505
[16/Nov/2024 05:51:52] "GET /admin/jsi18n/ HTTP/1.1" 200 17546
Watching for file changes with StatReloader
[16/Nov/2024 05:52:50] "GET /admin/bot/botuser/ HTTP/1.1" 200 17514
[16/Nov/2024 05:52:50] "GET /admin/jsi18n/ HTTP/1.1" 200 17546
[16/Nov/2024 05:52:51] "GET /admin/bot/botuser/ HTTP/1.1" 200 17514
[16/Nov/2024 05:52:51] "GET /admin/jsi18n/ HTTP/1.1" 200 17546
[16/Nov/2024 05:52:58] "GET /admin/bot/botuser/ HTTP/1.1" 200 17514
[16/Nov/2024 05:52:58] "GET /admin/jsi18n/ HTTP/1.1" 200 17546
[16/Nov/2024 05:52:59] "GET /admin/bot/botuser/ HTTP/1.1" 200 17514
[16/Nov/2024 05:52:59] "GET /admin/jsi18n/ HTTP/1.1" 200 17546
[16/Nov/2024 05:53:06] "GET /admin/bot/botuser/ HTTP/1.1" 200 17514
[16/Nov/2024 05:53:06] "GET /admin/jsi18n/ HTTP/1.1" 200 17546
[16/Nov/2024 05:53:08] "GET /admin/bot/botuser/ HTTP/1.1" 200 17514
[16/Nov/2024 05:53:08] "GET /admin/jsi18n/ HTTP/1.1" 200 17546
[16/Nov/2024 05:53:09] "GET /admin/bot/botuser/ HTTP/1.1" 200 17514
[16/Nov/2024 05:53:09] "GET /admin/jsi18n/ HTTP/1.1" 200 17546
[16/Nov/2024 05:53:11] "GET /admin/bot/botuser/ HTTP/1.1" 200 17514
[16/Nov/2024 05:53:11] "GET /admin/jsi18n/ HTTP/1.1" 200 17546
[16/Nov/2024 05:53:12] "GET /admin/bot/botuser/ HTTP/1.1" 200 17514
[16/Nov/2024 05:53:12] "GET /admin/jsi18n/ HTTP/1.1" 200 17546
[16/Nov/2024 05:53:14] "GET /admin/bot/botuser/ HTTP/1.1" 200 17514
[16/Nov/2024 05:53:14] "GET /admin/jsi18n/ HTTP/1.1" 200 17546
[16/Nov/2024 05:53:16] "GET /admin/bot/botuser/ HTTP/1.1" 200 17514
[16/Nov/2024 05:53:16] "GET /admin/jsi18n/ HTTP/1.1" 200 17546
[16/Nov/2024 05:53:26] "POST /task_complete_alert HTTP/1.1" 200 11
Watching for file changes with StatReloader
[16/Nov/2024 05:56:56] "POST /task_complete_alert HTTP/1.1" 200 11
Watching for file changes with StatReloader
[16/Nov/2024 05:58:30] "POST /task_complete_alert HTTP/1.1" 200 11
[16/Nov/2024 05:59:01] "GET /admin/bot/botuser/ HTTP/1.1" 200 17514
[16/Nov/2024 05:59:02] "GET /admin/jsi18n/ HTTP/1.1" 200 17546
[16/Nov/2024 05:59:04] "GET /admin/worker/events/ HTTP/1.1" 200 65375
[16/Nov/2024 05:59:04] "GET /admin/jsi18n/ HTTP/1.1" 200 17546
[16/Nov/2024 05:59:06] "GET /admin/worker/events/1646/change/ HTTP/1.1" 200 16867
[16/Nov/2024 05:59:06] "GET /admin/jsi18n/ HTTP/1.1" 200 17546
[16/Nov/2024 05:59:15] "POST /admin/worker/events/1646/change/ HTTP/1.1" 302 0
[16/Nov/2024 05:59:15] "GET /admin/worker/events/ HTTP/1.1" 200 65709
[16/Nov/2024 05:59:15] "GET /admin/jsi18n/ HTTP/1.1" 200 17546
[16/Nov/2024 05:59:21] "GET /admin/worker/events/1646/change/ HTTP/1.1" 200 16972
[16/Nov/2024 05:59:21] "GET /admin/jsi18n/ HTTP/1.1" 200 17546
[16/Nov/2024 05:59:33] "POST /admin/worker/events/1646/change/ HTTP/1.1" 302 0
[16/Nov/2024 05:59:34] "GET /admin/worker/events/ HTTP/1.1" 200 65709
[16/Nov/2024 05:59:34] "GET /admin/jsi18n/ HTTP/1.1" 200 17546
[16/Nov/2024 06:00:04] "POST /admin/worker/events/ HTTP/1.1" 200 11090
[16/Nov/2024 06:00:05] "GET /static/admin/js/cancel.js HTTP/1.1" 200 884
[16/Nov/2024 06:00:06] "POST /admin/worker/events/ HTTP/1.1" 302 0
[16/Nov/2024 06:00:06] "GET /admin/worker/events/ HTTP/1.1" 200 65598
[16/Nov/2024 06:00:06] "GET /admin/jsi18n/ HTTP/1.1" 200 17546
[16/Nov/2024 06:00:14] "GET /admin/bot/botuser/ HTTP/1.1" 200 17514
[16/Nov/2024 06:00:14] "GET /admin/jsi18n/ HTTP/1.1" 200 17546
[16/Nov/2024 06:00:16] "GET /admin/bot/botuser/9/change/ HTTP/1.1" 200 16378
[16/Nov/2024 06:00:16] "GET /admin/jsi18n/ HTTP/1.1" 200 17546
[16/Nov/2024 06:00:27] "GET /admin/bot/botuser/9/change/ HTTP/1.1" 200 16378
[16/Nov/2024 06:00:27] "GET /admin/jsi18n/ HTTP/1.1" 200 17546
[16/Nov/2024 06:00:30] "POST /admin/bot/botuser/9/change/ HTTP/1.1" 302 0
[16/Nov/2024 06:00:30] "GET /admin/bot/botuser/ HTTP/1.1" 200 17771
[16/Nov/2024 06:00:30] "GET /admin/jsi18n/ HTTP/1.1" 200 17546
Watching for file changes with StatReloader
Watching for file changes with StatReloader
[16/Nov/2024 06:03:00] "POST /task_complete_alert HTTP/1.1" 200 11
Watching for file changes with StatReloader
[16/Nov/2024 06:06:33] "POST /task_complete_alert HTTP/1.1" 200 11
Watching for file changes with StatReloader
[16/Nov/2024 06:11:57] "POST /task_complete_alert HTTP/1.1" 200 11
Watching for file changes with StatReloader
[16/Nov/2024 06:18:43] "POST /task_complete_alert HTTP/1.1" 200 11
Watching for file changes with StatReloader
[16/Nov/2024 06:21:47] "POST /task_complete_alert HTTP/1.1" 200 11
Watching for file changes with StatReloader
[16/Nov/2024 06:25:32] "POST /task_complete_alert HTTP/1.1" 200 11
Watching for file changes with StatReloader
Watching for file changes with StatReloader
[16/Nov/2024 06:32:19] "POST /task_complete_alert HTTP/1.1" 200 11
Watching for file changes with StatReloader
[16/Nov/2024 06:35:14] "POST /task_complete_alert HTTP/1.1" 200 11
[16/Nov/2024 06:37:14] "POST /task_complete_alert HTTP/1.1" 200 11
[16/Nov/2024 06:39:35] "POST /task_complete_alert HTTP/1.1" 200 11
[16/Nov/2024 06:44:40] "POST /task_complete_alert HTTP/1.1" 200 11
[16/Nov/2024 06:47:54] "POST /task_complete_alert HTTP/1.1" 200 11
[16/Nov/2024 06:57:30] "POST /task_complete_alert HTTP/1.1" 200 11
[16/Nov/2024 06:59:00] "POST /task_complete_alert HTTP/1.1" 200 11
Not Found: /
[16/Nov/2024 21:36:51] "GET / HTTP/1.1" 404 2525
[16/Nov/2024 22:31:49] code 400, message Bad request syntax ('MGLNDD_62.68.146.176_8091')
[16/Nov/2024 22:31:49] "MGLNDD_62.68.146.176_8091" 400 -
[17/Nov/2024 10:57:50] "POST /task_complete_alert HTTP/1.1" 200 11
[17/Nov/2024 10:59:27] "POST /task_complete_alert HTTP/1.1" 200 11
[17/Nov/2024 11:45:55] code 400, message Bad request syntax ('MGLNDD_62.68.146.176_8091')
[17/Nov/2024 11:45:55] "MGLNDD_62.68.146.176_8091" 400 -
[17/Nov/2024 12:02:06] "POST /task_complete_alert HTTP/1.1" 200 11
[17/Nov/2024 12:05:07] "POST /task_complete_alert HTTP/1.1" 200 11
[17/Nov/2024 13:58:31] "POST /task_complete_alert HTTP/1.1" 200 11
[17/Nov/2024 14:01:34] "POST /task_complete_alert HTTP/1.1" 200 11
[17/Nov/2024 20:39:47] "POST /task_complete_alert HTTP/1.1" 200 11
[17/Nov/2024 20:40:39] "POST /task_complete_alert HTTP/1.1" 200 11
[17/Nov/2024 20:41:31] "POST /task_complete_alert HTTP/1.1" 200 11
[17/Nov/2024 20:42:16] "POST /task_complete_alert HTTP/1.1" 200 11
[17/Nov/2024 20:43:05] "POST /task_complete_alert HTTP/1.1" 200 11
[17/Nov/2024 20:43:52] "POST /task_complete_alert HTTP/1.1" 200 11
[18/Nov/2024 09:33:09] code 400, message Bad request syntax ('MGLNDD_62.68.146.176_8091')
[18/Nov/2024 09:33:09] "MGLNDD_62.68.146.176_8091" 400 -
[18/Nov/2024 10:08:40] "POST /task_complete_alert HTTP/1.1" 200 11
[18/Nov/2024 10:12:51] "POST /task_complete_alert HTTP/1.1" 200 11
[18/Nov/2024 10:15:01] "POST /task_complete_alert HTTP/1.1" 200 11
[18/Nov/2024 10:16:44] "POST /task_complete_alert HTTP/1.1" 200 11
[18/Nov/2024 10:43:53] "POST /task_complete_alert HTTP/1.1" 200 11
[18/Nov/2024 10:45:18] "POST /task_complete_alert HTTP/1.1" 200 11
[18/Nov/2024 10:46:54] "POST /task_complete_alert HTTP/1.1" 200 11
[18/Nov/2024 10:48:47] "POST /task_complete_alert HTTP/1.1" 200 11
[18/Nov/2024 10:50:42] "POST /task_complete_alert HTTP/1.1" 200 11
[18/Nov/2024 10:51:51] "POST /task_complete_alert HTTP/1.1" 200 11
[18/Nov/2024 10:53:11] "POST /task_complete_alert HTTP/1.1" 200 11
[18/Nov/2024 11:28:55] "POST /task_complete_alert HTTP/1.1" 200 11
[18/Nov/2024 11:30:37] "POST /task_complete_alert HTTP/1.1" 200 11
[18/Nov/2024 11:32:04] "POST /task_complete_alert HTTP/1.1" 200 11
[18/Nov/2024 11:34:44] "POST /task_complete_alert HTTP/1.1" 200 11
[18/Nov/2024 11:35:40] "POST /task_complete_alert HTTP/1.1" 200 11
[18/Nov/2024 11:37:20] "POST /task_complete_alert HTTP/1.1" 200 11
[18/Nov/2024 11:39:17] "POST /task_complete_alert HTTP/1.1" 200 11
[18/Nov/2024 11:42:06] "POST /task_complete_alert HTTP/1.1" 200 11
[18/Nov/2024 11:43:56] "POST /task_complete_alert HTTP/1.1" 200 11
[18/Nov/2024 11:45:28] "POST /task_complete_alert HTTP/1.1" 200 11
[18/Nov/2024 11:50:02] "POST /task_complete_alert HTTP/1.1" 200 11
[18/Nov/2024 11:51:48] "POST /task_complete_alert HTTP/1.1" 200 11
[18/Nov/2024 11:53:52] "POST /task_complete_alert HTTP/1.1" 200 11
[18/Nov/2024 11:55:32] "POST /task_complete_alert HTTP/1.1" 200 11
[18/Nov/2024 11:57:14] "POST /task_complete_alert HTTP/1.1" 200 11
[18/Nov/2024 11:58:43] "POST /task_complete_alert HTTP/1.1" 200 11
[18/Nov/2024 12:01:32] "POST /task_complete_alert HTTP/1.1" 200 11
[18/Nov/2024 12:02:57] "POST /task_complete_alert HTTP/1.1" 200 11
[18/Nov/2024 12:05:59] "POST /task_complete_alert HTTP/1.1" 200 11
[18/Nov/2024 12:09:30] "POST /task_complete_alert HTTP/1.1" 200 11
[18/Nov/2024 12:11:18] "POST /task_complete_alert HTTP/1.1" 200 11
[18/Nov/2024 12:44:53] "POST /task_complete_alert HTTP/1.1" 200 11
[18/Nov/2024 13:32:05] "POST /task_complete_alert HTTP/1.1" 200 11
[18/Nov/2024 13:32:27] "POST /task_complete_alert HTTP/1.1" 200 11
[18/Nov/2024 13:46:41] "POST /task_complete_alert HTTP/1.1" 200 11
[18/Nov/2024 13:50:10] "POST /task_complete_alert HTTP/1.1" 200 11
Watching for file changes with StatReloader
[18/Nov/2024 13:54:49] "POST /task_complete_alert HTTP/1.1" 200 11
Watching for file changes with StatReloader
[18/Nov/2024 13:58:07] "POST /task_complete_alert HTTP/1.1" 200 11
[18/Nov/2024 13:59:46] "POST /task_complete_alert HTTP/1.1" 200 11
[18/Nov/2024 14:01:09] "POST /task_complete_alert HTTP/1.1" 200 11
[19/Nov/2024 21:22:14] code 400, message Bad request syntax ('MGLNDD_62.68.146.176_8091')
[19/Nov/2024 21:22:14] "MGLNDD_62.68.146.176_8091" 400 -
[20/Nov/2024 07:19:05] code 400, message Bad HTTP/0.9 request type ('\x03\x00\x00/*à\x00\x00\x00\x00\x00Cookie:')
[20/Nov/2024 07:19:05] "  /*à     Cookie: mstshash=Administr" 400 -
[20/Nov/2024 11:41:23] code 400, message Bad request syntax ('MGLNDD_62.68.146.176_8091')
[20/Nov/2024 11:41:23] "MGLNDD_62.68.146.176_8091" 400 -
