Обновление от пользователя 908372200 (username: SenorForceMajeure): прошу возврат средств , условия изменились

Обновление от пользователя 908372200 (username: SenorForceMajeure): дай ссылку на возврат средств

Обновление от пользователя 908372200 (username: SenorForceMajeure): Телефон: +7 (495) 123-45-67 не работает

Обновление от пользователя 908372200 (username: SenorForceMajeure): мне не отвечает менеджер , я потерял все свои деньги ?
это был обман?

Обновление от пользователя 908372200 (username: SenorForceMajeure): Я написал заявление в полицию , за то что вы меня обманули на 100 000 рублей

Обновление от пользователя 908372200 (username: SenorForceMajeure): ну и пошел нахуй , полиция уже занимается твоим делом

Обновление от пользователя 908372200 (username: SenorForceMajeure): привет

Ошибка при получении обновлений
Ошибка при получении обновлений
Ошибка при получении обновлений
Ошибка при получении обновлений
Ошибка при получении обновлений
Ошибка при получении обновлений
Ошибка при получении обновлений
Ошибка при получении обновлений
Ошибка при получении обновлений
Ошибка при получении обновлений
Ошибка при получении обновлений
Ошибка при получении обновлений
Ошибка при получении обновлений
Ошибка при получении обновлений
Ошибка при получении обновлений
Ошибка при получении обновлений
Ошибка при получении обновлений
Ошибка при получении обновлений
Ошибка при получении обновлений
Ошибка при получении обновлений
Ошибка при получении обновлений
Ошибка при получении обновлений
Ошибка при получении обновлений
Ошибка при получении обновлений
Ошибка при получении обновлений
Ошибка при получении обновлений
Ошибка при получении обновлений
Ошибка при получении обновлений
Ошибка при получении обновлений
Ошибка при получении обновлений
Ошибка при получении обновлений
Ошибка при получении обновлений
Ошибка при получении обновлений
Ошибка при получении обновлений
Ошибка при получении обновлений
Ошибка при получении обновлений
Ошибка при получении обновлений
Ошибка при получении обновлений
Ошибка при получении обновлений
Ошибка при получении обновлений
Ошибка при получении обновлений
Ошибка при получении обновлений
Ошибка при получении обновлений
Ошибка при получении обновлений
Ошибка при получении обновлений
Ошибка при получении обновлений
Ошибка при получении обновлений
Ошибка при получении обновлений
Ошибка при получении обновлений
Ошибка при получении обновлений
Ошибка при получении обновлений
Ошибка при получении обновлений
Ошибка при получении обновлений
Ошибка при получении обновлений
Ошибка при получении обновлений
Обновление от пользователя 1066043357 (username: spbkrs): /start

Обновление от пользователя 1066043357 (username: spbkrs): Хочу узнать сколько стоит бот

Обновление от пользователя 1066043357 (username: spbkrs): А поподробнее, какие функции у каждого

Обновление от пользователя 1735378040 (username: vyacheslav_Margincode): /start

Обновление от пользователя 1735378040 (username: vyacheslav_Margincode): Я хотел бы заказать бота

Обновление от пользователя 1735378040 (username: vyacheslav_Margincode): Что входит во второй вариант

Обновление от пользователя 6424595615 (username: Dmitriy_prog): Привет , посчитай базового бота , сколько будет стоить ?

Обновление от пользователя 6424595615 (username: Dmitriy_prog): Хочу узнать больше, какой мне подходит ? У меня кофейня , нужно чтобы пользователи оплачивали товары , оставляли отзывы и чаевые

Ошибка при получении обновлений
Ошибка при получении обновлений
Ошибка при получении обновлений
Ошибка при получении обновлений
Ошибка при получении обновлений
Ошибка при получении обновлений
Ошибка при получении обновлений
Ошибка при получении обновлений
Ошибка при получении обновлений
Ошибка при получении обновлений
Ошибка при получении обновлений
Ошибка при получении обновлений
Обновление от пользователя 1066043357 (username: spbkrs): /start

Обновление от пользователя 566466985 (username: whytek): /start

Обновление от пользователя 566466985 (username: whytek): Здравствуйте позови Виктора

Обновление от пользователя 566466985 (username: whytek): А чем ты мне можешь помочь?

Обновление от пользователя 566466985 (username: whytek): Дурак

Обновление от пользователя 566466985 (username: whytek): Сломал

Обновление от пользователя 566466985 (username: whytek): Кек

Обновление от пользователя 566466985 (username: whytek): Мне нужен бот

Обновление от пользователя 6424595615 (username: Dmitriy_prog): Привет

Обновление от пользователя 6424595615 (username: Dmitriy_prog): Привет

Обновление от пользователя 6424595615 (username: Dmitriy_prog): прив

Обновление от пользователя 6424595615 (username: Dmitriy_prog): Привет

Обновление от пользователя 6424595615 (username: Dmitriy_prog): Привет

Обновление от пользователя 6424595615 (username: Dmitriy_prog): Обслуживание клиентов

Обновление от пользователя 6424595615 (username: Dmitriy_prog): Информирование о новостях и акциях

